<?xml version="1.0" encoding="UTF-8"?>
<!-- Generated by org.testng.reporters.JUnitXMLReporter -->
<testsuite ignored="0" hostname="DESKTOP-0RPD1E9" failures="1" tests="1" name="ChromeAutomatedTest" time="0.036" errors="0" timestamp="2022-09-30T17:01:23 PDT">
  <testcase classname="com.automationscript.ChromeAutomatedTest" name="chromeautomateddriver" time="0.0">
    <failure type="org.testng.TestNGException" message="
Cannot inject @Test annotated Method [chromeautomateddriver] with [class java.lang.String].
For more information on native dependency injection please refer to https://testng.org/doc/documentation-main.html#native-dependency-injection">
      <![CDATA[org.testng.TestNGException: 
Cannot inject @Test annotated Method [chromeautomateddriver] with [class java.lang.String].
For more information on native dependency injection please refer to https://testng.org/doc/documentation-main.html#native-dependency-injection
at java.base/java.util.ArrayList.forEach(ArrayList.java:1511)
... Removed 26 stack frames]]>
    </failure>
  </testcase> <!-- chromeautomateddriver -->
</testsuite> <!-- ChromeAutomatedTest -->
